<?xml version="1.0" encoding="UTF-8"?>
<testng-results ignored="0" total="1" passed="1" failed="0" skipped="0">
  <reporter-output>
  </reporter-output>
  <suite started-at="2022-05-02T02:53:19Z" name="Default suite" finished-at="2022-05-02T02:54:53Z" duration-ms="93103">
    <groups>
    </groups>
    <test started-at="2022-05-02T02:53:19Z" name="Default test" finished-at="2022-05-02T02:54:53Z" duration-ms="93103">
      <class name="com.mmp.ScheduleAppoinment">
        <test-method signature="bookAppoinment()[pri:0, instance:com.mmp.ScheduleAppoinment@1ef6d34c]" started-at="2022-05-02T02:53:19Z" name="bookAppoinment" finished-at="2022-05-02T02:54:53Z" duration-ms="93082" status="PASS">
          <reporter-output>
          </reporter-output>
        </test-method> <!-- bookAppoinment -->
      </class> <!-- com.mmp.ScheduleAppoinment -->
    </test> <!-- Default test -->
  </suite> <!-- Default suite -->
</testng-results>
